-- Found ament_cmake: 2.5.6 (/opt/ros/jazzy/share/ament_cmake/cmake)
-- Found rclcpp: 28.1.18 (/opt/ros/jazzy/share/rclcpp/cmake)
-- Found rosidl_generator_c: 4.6.7 (/opt/ros/jazzy/share/rosidl_generator_c/cmake)
-- Found rosidl_generator_cpp: 4.6.7 (/opt/ros/jazzy/share/rosidl_generator_cpp/cmake)
-- Using all available rosidl_typesupport_c: rosidl_typesupport_fastrtps_c;rosidl_typesupport_introspection_c
-- Using all available rosidl_typesupport_cpp: rosidl_typesupport_fastrtps_cpp;rosidl_typesupport_introspection_cpp
-- Found rmw_implementation_cmake: 7.3.3 (/opt/ros/jazzy/share/rmw_implementation_cmake/cmake)
-- Found rmw_fastrtps_cpp: 8.4.3 (/opt/ros/jazzy/share/rmw_fastrtps_cpp/cmake)
-- Using RMW implementation 'rmw_fastrtps_cpp' as default
-- Found sensor_msgs: 5.3.7 (/opt/ros/jazzy/share/sensor_msgs/cmake)
-- Configuring done (1.9s)
-- Generating done (0.0s)
-- Build files have been written to: /home/ponqoo/rodep/urg_node2/build/urg_node2
[ 81%] Built target urg_c
[ 90%] Building CXX object CMakeFiles/urg_node2_node.dir/src/urg_node2.cpp.o
[100%] Linking CXX executable urg_node2_node
[100%] Built target urg_node2_node
-- Install configuration: ""
-- Installing: /home/ponqoo/rodep/urg_node2/install/urg_node2/lib/urg_node2/urg_node2_node
-- Set non-toolchain portion of runtime path of "/home/ponqoo/rodep/urg_node2/install/urg_node2/lib/urg_node2/urg_node2_node" to ""
-- Up-to-date: /home/ponqoo/rodep/urg_node2/install/urg_node2/lib/liburg_c.so
-- Up-to-date: /home/ponqoo/rodep/urg_node2/install/urg_node2/share/urg_node2/launch
-- Installing: /home/ponqoo/rodep/urg_node2/install/urg_node2/share/urg_node2/launch/urg_node2.launch.py
-- Up-to-date: /home/ponqoo/rodep/urg_node2/install/urg_node2/share/urg_node2/config
-- Installing: /home/ponqoo/rodep/urg_node2/install/urg_node2/share/urg_node2/config/params_serial.yaml
-- Installing: /home/ponqoo/rodep/urg_node2/install/urg_node2/share/ament_index/resource_index/package_run_dependencies/urg_node2
-- Up-to-date: /home/ponqoo/rodep/urg_node2/install/urg_node2/share/ament_index/resource_index/parent_prefix_path/urg_node2
-- Up-to-date: /home/ponqoo/rodep/urg_node2/install/urg_node2/share/urg_node2/environment/ament_prefix_path.sh
-- Up-to-date: /home/ponqoo/rodep/urg_node2/install/urg_node2/share/urg_node2/environment/ament_prefix_path.dsv
-- Up-to-date: /home/ponqoo/rodep/urg_node2/install/urg_node2/share/urg_node2/environment/path.sh
-- Up-to-date: /home/ponqoo/rodep/urg_node2/install/urg_node2/share/urg_node2/environment/path.dsv
-- Up-to-date: /home/ponqoo/rodep/urg_node2/install/urg_node2/share/urg_node2/local_setup.bash
-- Up-to-date: /home/ponqoo/rodep/urg_node2/install/urg_node2/share/urg_node2/local_setup.sh
-- Up-to-date: /home/ponqoo/rodep/urg_node2/install/urg_node2/share/urg_node2/local_setup.zsh
-- Up-to-date: /home/ponqoo/rodep/urg_node2/install/urg_node2/share/urg_node2/local_setup.dsv
-- Installing: /home/ponqoo/rodep/urg_node2/install/urg_node2/share/urg_node2/package.dsv
-- Up-to-date: /home/ponqoo/rodep/urg_node2/install/urg_node2/share/ament_index/resource_index/packages/urg_node2
-- Up-to-date: /home/ponqoo/rodep/urg_node2/install/urg_node2/share/urg_node2/cmake/urg_node2Config.cmake
-- Up-to-date: /home/ponqoo/rodep/urg_node2/install/urg_node2/share/urg_node2/cmake/urg_node2Config-version.cmake
-- Installing: /home/ponqoo/rodep/urg_node2/install/urg_node2/share/urg_node2/package.xml
