-- Found ament_cmake: 2.5.6 (/opt/ros/jazzy/share/ament_cmake/cmake)
-- Override CMake install command with custom implementation using symlinks instead of copying resources
-- Found rclcpp: 28.1.18 (/opt/ros/jazzy/share/rclcpp/cmake)
-- Found rosidl_generator_c: 4.6.7 (/opt/ros/jazzy/share/rosidl_generator_c/cmake)
-- Found rosidl_generator_cpp: 4.6.7 (/opt/ros/jazzy/share/rosidl_generator_cpp/cmake)
-- Using all available rosidl_typesupport_c: rosidl_typesupport_fastrtps_c;rosidl_typesupport_introspection_c
-- Using all available rosidl_typesupport_cpp: rosidl_typesupport_fastrtps_cpp;rosidl_typesupport_introspection_cpp
-- Found rmw_implementation_cmake: 7.3.3 (/opt/ros/jazzy/share/rmw_implementation_cmake/cmake)
-- Found rmw_fastrtps_cpp: 8.4.3 (/opt/ros/jazzy/share/rmw_fastrtps_cpp/cmake)
-- Using RMW implementation 'rmw_fastrtps_cpp' as default
-- Found rclcpp_components: 28.1.18 (/opt/ros/jazzy/share/rclcpp_components/cmake)
-- Found rclcpp_lifecycle: 28.1.18 (/opt/ros/jazzy/share/rclcpp_lifecycle/cmake)
-- Found sensor_msgs: 5.3.7 (/opt/ros/jazzy/share/sensor_msgs/cmake)
-- Found diagnostic_updater: 4.2.6 (/opt/ros/jazzy/share/diagnostic_updater/cmake)
-- Found laser_proc: 1.0.2 (/opt/ros/jazzy/share/laser_proc/cmake)
-- Found ament_cmake_gtest: 2.5.6 (/opt/ros/jazzy/share/ament_cmake_gtest/cmake)
-- Found gtest sources under '/opt/ros/jazzy/src/gtest_vendor': C++ tests using 'Google Test' will be built
-- Performing Test CMAKE_HAVE_LIBC_PTHREAD
-- Performing Test CMAKE_HAVE_LIBC_PTHREAD - Success
-- Found Threads: TRUE  
-- Configuring done (2.3s)
-- Generating done (0.0s)
-- Build files have been written to: /home/ponqoo/rodep/urg_node2/build/urg_node2
[  5%] Building CXX object CMakeFiles/urg_node2_node.dir/rclcpp_components/node_main_urg_node2_node.cpp.o
[ 10%] Building CXX object gtest/CMakeFiles/gtest.dir/src/gtest-all.cc.o
[ 15%] Building CXX object gtest/CMakeFiles/gtest_main.dir/src/gtest_main.cc.o
[ 60%] Built target urg_c
[ 65%] Building CXX object CMakeFiles/urg_node2.dir/src/urg_node2.cpp.o
[ 70%] Linking CXX static library libgtest_main.a
[ 70%] Built target gtest_main
[ 75%] Linking CXX executable urg_node2_node
[ 80%] Linking CXX static library libgtest.a
[ 80%] Built target gtest
[ 85%] Building CXX object CMakeFiles/urg_node2_test.dir/test/urg_node2_test.cpp.o
[ 90%] Building CXX object CMakeFiles/urg_node2_test.dir/src/urg_node2.cpp.o
[ 90%] Built target urg_node2_node
[ 95%] Linking CXX shared library liburg_node2.so
[ 95%] Built target urg_node2
[100%] Linking CXX executable urg_node2_test
[100%] Built target urg_node2_test
-- Install configuration: ""
-- Execute custom install script
-- Symlinking: /home/ponqoo/rodep/urg_node2/install/urg_node2/lib/urg_node2/urg_node2_node
-- Symlinking: /home/ponqoo/rodep/urg_node2/install/urg_node2/lib/liburg_node2.so
-- Symlinking: /home/ponqoo/rodep/urg_node2/install/urg_node2/lib/liburg_c.so
-- Symlinking: /home/ponqoo/rodep/urg_node2/install/urg_node2/share/urg_node2/launch/urg_node2.launch.py
-- Symlinking: /home/ponqoo/rodep/urg_node2/install/urg_node2/share/urg_node2/launch/urg_node2_2lidar.launch.py
-- Symlinking: /home/ponqoo/rodep/urg_node2/install/urg_node2/share/urg_node2/launch/urg_node2_component.launch.py
-- Symlinking: /home/ponqoo/rodep/urg_node2/install/urg_node2/share/urg_node2/config/params_ether.yaml
-- Symlinking: /home/ponqoo/rodep/urg_node2/install/urg_node2/share/urg_node2/config/params_ether_2nd.yaml
-- Symlinking: /home/ponqoo/rodep/urg_node2/install/urg_node2/share/urg_node2/config/params_serial.yaml
-- Symlinking: /home/ponqoo/rodep/urg_node2/install/urg_node2/share/ament_index/resource_index/package_run_dependencies/urg_node2
-- Symlinking: /home/ponqoo/rodep/urg_node2/install/urg_node2/share/ament_index/resource_index/parent_prefix_path/urg_node2
-- Symlinking: /home/ponqoo/rodep/urg_node2/install/urg_node2/share/urg_node2/environment/ament_prefix_path.sh
-- Symlinking: /home/ponqoo/rodep/urg_node2/install/urg_node2/share/urg_node2/environment/ament_prefix_path.dsv
-- Symlinking: /home/ponqoo/rodep/urg_node2/install/urg_node2/share/urg_node2/environment/path.sh
-- Symlinking: /home/ponqoo/rodep/urg_node2/install/urg_node2/share/urg_node2/environment/path.dsv
-- Symlinking: /home/ponqoo/rodep/urg_node2/install/urg_node2/share/urg_node2/local_setup.bash
-- Symlinking: /home/ponqoo/rodep/urg_node2/install/urg_node2/share/urg_node2/local_setup.sh
-- Symlinking: /home/ponqoo/rodep/urg_node2/install/urg_node2/share/urg_node2/local_setup.zsh
-- Symlinking: /home/ponqoo/rodep/urg_node2/install/urg_node2/share/urg_node2/local_setup.dsv
-- Symlinking: /home/ponqoo/rodep/urg_node2/install/urg_node2/share/urg_node2/package.dsv
-- Symlinking: /home/ponqoo/rodep/urg_node2/install/urg_node2/share/ament_index/resource_index/packages/urg_node2
-- Symlinking: /home/ponqoo/rodep/urg_node2/install/urg_node2/share/ament_index/resource_index/rclcpp_components/urg_node2
-- Symlinking: /home/ponqoo/rodep/urg_node2/install/urg_node2/share/urg_node2/cmake/urg_node2Config.cmake
-- Symlinking: /home/ponqoo/rodep/urg_node2/install/urg_node2/share/urg_node2/cmake/urg_node2Config-version.cmake
-- Symlinking: /home/ponqoo/rodep/urg_node2/install/urg_node2/share/urg_node2/package.xml
