[0.020s] Invoking command in '/home/ponqoo/rodep/urg_node2/build/urg_node2': CMAKE_PREFIX_PATH=${CMAKE_PREFIX_PATH}:/opt/ros/jazzy /usr/bin/cmake /home/ponqoo/rodep/urg_node2 -DAMENT_CMAKE_SYMLINK_INSTALL=1 -DCMAKE_INSTALL_PREFIX=/home/ponqoo/rodep/urg_node2/install/urg_node2
[0.128s] -- Found ament_cmake: 2.5.6 (/opt/ros/jazzy/share/ament_cmake/cmake)
[0.434s] -- Override CMake install command with custom implementation using symlinks instead of copying resources
[0.465s] -- Found rclcpp: 28.1.18 (/opt/ros/jazzy/share/rclcpp/cmake)
[0.765s] -- Found rosidl_generator_c: 4.6.7 (/opt/ros/jazzy/share/rosidl_generator_c/cmake)
[0.797s] -- Found rosidl_generator_cpp: 4.6.7 (/opt/ros/jazzy/share/rosidl_generator_cpp/cmake)
[0.842s] -- Using all available rosidl_typesupport_c: rosidl_typesupport_fastrtps_c;rosidl_typesupport_introspection_c
[0.887s] -- Using all available rosidl_typesupport_cpp: rosidl_typesupport_fastrtps_cpp;rosidl_typesupport_introspection_cpp
[1.051s] -- Found rmw_implementation_cmake: 7.3.3 (/opt/ros/jazzy/share/rmw_implementation_cmake/cmake)
[1.055s] -- Found rmw_fastrtps_cpp: 8.4.3 (/opt/ros/jazzy/share/rmw_fastrtps_cpp/cmake)
[1.282s] -- Using RMW implementation 'rmw_fastrtps_cpp' as default
[1.520s] -- Found rclcpp_components: 28.1.18 (/opt/ros/jazzy/share/rclcpp_components/cmake)
[1.616s] -- Found rclcpp_lifecycle: 28.1.18 (/opt/ros/jazzy/share/rclcpp_lifecycle/cmake)
[1.684s] -- Found sensor_msgs: 5.3.7 (/opt/ros/jazzy/share/sensor_msgs/cmake)
[1.814s] -- Found diagnostic_updater: 4.2.6 (/opt/ros/jazzy/share/diagnostic_updater/cmake)
[1.873s] -- Found laser_proc: 1.0.2 (/opt/ros/jazzy/share/laser_proc/cmake)
[1.891s] -- Found ament_cmake_gtest: 2.5.6 (/opt/ros/jazzy/share/ament_cmake_gtest/cmake)
[1.896s] -- Found gtest sources under '/opt/ros/jazzy/src/gtest_vendor': C++ tests using 'Google Test' will be built
[1.902s] -- Performing Test CMAKE_HAVE_LIBC_PTHREAD
[2.264s] -- Performing Test CMAKE_HAVE_LIBC_PTHREAD - Success
[2.265s] -- Found Threads: TRUE  
[2.413s] -- Configuring done (2.3s)
[2.471s] -- Generating done (0.0s)
[2.481s] -- Build files have been written to: /home/ponqoo/rodep/urg_node2/build/urg_node2
[2.489s] Invoked command in '/home/ponqoo/rodep/urg_node2/build/urg_node2' returned '0': CMAKE_PREFIX_PATH=${CMAKE_PREFIX_PATH}:/opt/ros/jazzy /usr/bin/cmake /home/ponqoo/rodep/urg_node2 -DAMENT_CMAKE_SYMLINK_INSTALL=1 -DCMAKE_INSTALL_PREFIX=/home/ponqoo/rodep/urg_node2/install/urg_node2
[2.491s] Invoking command in '/home/ponqoo/rodep/urg_node2/build/urg_node2': CMAKE_PREFIX_PATH=${CMAKE_PREFIX_PATH}:/opt/ros/jazzy /usr/bin/cmake --build /home/ponqoo/rodep/urg_node2/build/urg_node2 -- -j14 -l14
[2.560s] [  5%] Building CXX object CMakeFiles/urg_node2_node.dir/rclcpp_components/node_main_urg_node2_node.cpp.o
[2.566s] [ 10%] Building CXX object gtest/CMakeFiles/gtest.dir/src/gtest-all.cc.o
[2.568s] [ 15%] Building CXX object gtest/CMakeFiles/gtest_main.dir/src/gtest_main.cc.o
[2.577s] [ 60%] Built target urg_c
[2.609s] [ 65%] Building CXX object CMakeFiles/urg_node2.dir/src/urg_node2.cpp.o
[3.993s] [ 70%] Linking CXX static library libgtest_main.a
[4.516s] [ 70%] Built target gtest_main
[8.185s] [ 75%] Linking CXX executable urg_node2_node
[8.430s] [ 80%] Linking CXX static library libgtest.a
[8.528s] [ 80%] Built target gtest
[8.553s] [ 85%] Building CXX object CMakeFiles/urg_node2_test.dir/test/urg_node2_test.cpp.o
[8.553s] [ 90%] Building CXX object CMakeFiles/urg_node2_test.dir/src/urg_node2.cpp.o
[8.694s] [ 90%] Built target urg_node2_node
[11.917s] [ 95%] Linking CXX shared library liburg_node2.so
[12.521s] [ 95%] Built target urg_node2
[21.215s] [100%] Linking CXX executable urg_node2_test
[22.206s] [100%] Built target urg_node2_test
[22.230s] Invoked command in '/home/ponqoo/rodep/urg_node2/build/urg_node2' returned '0': CMAKE_PREFIX_PATH=${CMAKE_PREFIX_PATH}:/opt/ros/jazzy /usr/bin/cmake --build /home/ponqoo/rodep/urg_node2/build/urg_node2 -- -j14 -l14
[22.246s] Invoking command in '/home/ponqoo/rodep/urg_node2/build/urg_node2': CMAKE_PREFIX_PATH=${CMAKE_PREFIX_PATH}:/opt/ros/jazzy /usr/bin/cmake --install /home/ponqoo/rodep/urg_node2/build/urg_node2
[22.254s] -- Install configuration: ""
[22.255s] -- Execute custom install script
[22.255s] -- Symlinking: /home/ponqoo/rodep/urg_node2/install/urg_node2/lib/urg_node2/urg_node2_node
[22.272s] -- Symlinking: /home/ponqoo/rodep/urg_node2/install/urg_node2/lib/liburg_node2.so
[22.286s] -- Symlinking: /home/ponqoo/rodep/urg_node2/install/urg_node2/lib/liburg_c.so
[22.298s] -- Symlinking: /home/ponqoo/rodep/urg_node2/install/urg_node2/share/urg_node2/launch/urg_node2.launch.py
[22.307s] -- Symlinking: /home/ponqoo/rodep/urg_node2/install/urg_node2/share/urg_node2/launch/urg_node2_2lidar.launch.py
[22.319s] -- Symlinking: /home/ponqoo/rodep/urg_node2/install/urg_node2/share/urg_node2/launch/urg_node2_component.launch.py
[22.331s] -- Symlinking: /home/ponqoo/rodep/urg_node2/install/urg_node2/share/urg_node2/config/params_ether.yaml
[22.340s] -- Symlinking: /home/ponqoo/rodep/urg_node2/install/urg_node2/share/urg_node2/config/params_ether_2nd.yaml
[22.349s] -- Symlinking: /home/ponqoo/rodep/urg_node2/install/urg_node2/share/urg_node2/config/params_serial.yaml
[22.359s] -- Symlinking: /home/ponqoo/rodep/urg_node2/install/urg_node2/share/ament_index/resource_index/package_run_dependencies/urg_node2
[22.370s] -- Symlinking: /home/ponqoo/rodep/urg_node2/install/urg_node2/share/ament_index/resource_index/parent_prefix_path/urg_node2
[22.380s] -- Symlinking: /home/ponqoo/rodep/urg_node2/install/urg_node2/share/urg_node2/environment/ament_prefix_path.sh
[22.389s] -- Symlinking: /home/ponqoo/rodep/urg_node2/install/urg_node2/share/urg_node2/environment/ament_prefix_path.dsv
[22.402s] -- Symlinking: /home/ponqoo/rodep/urg_node2/install/urg_node2/share/urg_node2/environment/path.sh
[22.414s] -- Symlinking: /home/ponqoo/rodep/urg_node2/install/urg_node2/share/urg_node2/environment/path.dsv
[22.423s] -- Symlinking: /home/ponqoo/rodep/urg_node2/install/urg_node2/share/urg_node2/local_setup.bash
[22.433s] -- Symlinking: /home/ponqoo/rodep/urg_node2/install/urg_node2/share/urg_node2/local_setup.sh
[22.444s] -- Symlinking: /home/ponqoo/rodep/urg_node2/install/urg_node2/share/urg_node2/local_setup.zsh
[22.458s] -- Symlinking: /home/ponqoo/rodep/urg_node2/install/urg_node2/share/urg_node2/local_setup.dsv
[22.470s] -- Symlinking: /home/ponqoo/rodep/urg_node2/install/urg_node2/share/urg_node2/package.dsv
[22.479s] -- Symlinking: /home/ponqoo/rodep/urg_node2/install/urg_node2/share/ament_index/resource_index/packages/urg_node2
[22.493s] -- Symlinking: /home/ponqoo/rodep/urg_node2/install/urg_node2/share/ament_index/resource_index/rclcpp_components/urg_node2
[22.503s] -- Symlinking: /home/ponqoo/rodep/urg_node2/install/urg_node2/share/urg_node2/cmake/urg_node2Config.cmake
[22.513s] -- Symlinking: /home/ponqoo/rodep/urg_node2/install/urg_node2/share/urg_node2/cmake/urg_node2Config-version.cmake
[22.524s] -- Symlinking: /home/ponqoo/rodep/urg_node2/install/urg_node2/share/urg_node2/package.xml
[22.536s] Invoked command in '/home/ponqoo/rodep/urg_node2/build/urg_node2' returned '0': CMAKE_PREFIX_PATH=${CMAKE_PREFIX_PATH}:/opt/ros/jazzy /usr/bin/cmake --install /home/ponqoo/rodep/urg_node2/build/urg_node2
