[0.043s] Invoking command in '/home/ponqoo/rodep/urg_node2/build/urg_node2': CMAKE_PREFIX_PATH=${CMAKE_PREFIX_PATH}:/opt/ros/jazzy /usr/bin/cmake --build /home/ponqoo/rodep/urg_node2/build/urg_node2 -- -j14 -l14
[0.366s] [ 45%] Built target urg_c
[0.369s] [ 55%] Built target gtest_main
[0.372s] [ 65%] Built target gtest
[0.380s] [ 75%] Built target urg_node2_node
[0.445s] [ 85%] Built target urg_node2
[0.455s] [100%] Built target urg_node2_test
[0.477s] Invoked command in '/home/ponqoo/rodep/urg_node2/build/urg_node2' returned '0': CMAKE_PREFIX_PATH=${CMAKE_PREFIX_PATH}:/opt/ros/jazzy /usr/bin/cmake --build /home/ponqoo/rodep/urg_node2/build/urg_node2 -- -j14 -l14
[0.499s] Invoking command in '/home/ponqoo/rodep/urg_node2/build/urg_node2': CMAKE_PREFIX_PATH=${CMAKE_PREFIX_PATH}:/opt/ros/jazzy /usr/bin/cmake --install /home/ponqoo/rodep/urg_node2/build/urg_node2
[0.515s] -- Install configuration: ""
[0.517s] -- Execute custom install script
[0.518s] -- Up-to-date symlink: /home/ponqoo/rodep/urg_node2/install/urg_node2/lib/urg_node2/urg_node2_node
[0.521s] -- Up-to-date symlink: /home/ponqoo/rodep/urg_node2/install/urg_node2/lib/liburg_node2.so
[0.521s] -- Up-to-date symlink: /home/ponqoo/rodep/urg_node2/install/urg_node2/lib/liburg_c.so
[0.524s] -- Up-to-date symlink: /home/ponqoo/rodep/urg_node2/install/urg_node2/share/urg_node2/launch/urg_node2.launch.py
[0.524s] -- Up-to-date symlink: /home/ponqoo/rodep/urg_node2/install/urg_node2/share/urg_node2/launch/urg_node2_2lidar.launch.py
[0.525s] -- Up-to-date symlink: /home/ponqoo/rodep/urg_node2/install/urg_node2/share/urg_node2/launch/urg_node2_component.launch.py
[0.527s] -- Up-to-date symlink: /home/ponqoo/rodep/urg_node2/install/urg_node2/share/urg_node2/config/params_ether.yaml
[0.527s] -- Up-to-date symlink: /home/ponqoo/rodep/urg_node2/install/urg_node2/share/urg_node2/config/params_ether_2nd.yaml
[0.527s] -- Up-to-date symlink: /home/ponqoo/rodep/urg_node2/install/urg_node2/share/urg_node2/config/params_serial.yaml
[0.528s] -- Up-to-date symlink: /home/ponqoo/rodep/urg_node2/install/urg_node2/share/ament_index/resource_index/package_run_dependencies/urg_node2
[0.529s] -- Up-to-date symlink: /home/ponqoo/rodep/urg_node2/install/urg_node2/share/ament_index/resource_index/parent_prefix_path/urg_node2
[0.530s] -- Up-to-date symlink: /home/ponqoo/rodep/urg_node2/install/urg_node2/share/urg_node2/environment/ament_prefix_path.sh
[0.531s] -- Up-to-date symlink: /home/ponqoo/rodep/urg_node2/install/urg_node2/share/urg_node2/environment/ament_prefix_path.dsv
[0.532s] -- Up-to-date symlink: /home/ponqoo/rodep/urg_node2/install/urg_node2/share/urg_node2/environment/path.sh
[0.533s] -- Up-to-date symlink: /home/ponqoo/rodep/urg_node2/install/urg_node2/share/urg_node2/environment/path.dsv
[0.534s] -- Up-to-date symlink: /home/ponqoo/rodep/urg_node2/install/urg_node2/share/urg_node2/local_setup.bash
[0.535s] -- Up-to-date symlink: /home/ponqoo/rodep/urg_node2/install/urg_node2/share/urg_node2/local_setup.sh
[0.536s] -- Up-to-date symlink: /home/ponqoo/rodep/urg_node2/install/urg_node2/share/urg_node2/local_setup.zsh
[0.536s] -- Up-to-date symlink: /home/ponqoo/rodep/urg_node2/install/urg_node2/share/urg_node2/local_setup.dsv
[0.537s] -- Symlinking: /home/ponqoo/rodep/urg_node2/install/urg_node2/share/urg_node2/package.dsv
[0.559s] -- Up-to-date symlink: /home/ponqoo/rodep/urg_node2/install/urg_node2/share/ament_index/resource_index/packages/urg_node2
[0.559s] -- Up-to-date symlink: /home/ponqoo/rodep/urg_node2/install/urg_node2/share/ament_index/resource_index/rclcpp_components/urg_node2
[0.561s] -- Up-to-date symlink: /home/ponqoo/rodep/urg_node2/install/urg_node2/share/urg_node2/cmake/urg_node2Config.cmake
[0.561s] -- Up-to-date symlink: /home/ponqoo/rodep/urg_node2/install/urg_node2/share/urg_node2/cmake/urg_node2Config-version.cmake
[0.562s] -- Up-to-date symlink: /home/ponqoo/rodep/urg_node2/install/urg_node2/share/urg_node2/package.xml
[0.566s] Invoked command in '/home/ponqoo/rodep/urg_node2/build/urg_node2' returned '0': CMAKE_PREFIX_PATH=${CMAKE_PREFIX_PATH}:/opt/ros/jazzy /usr/bin/cmake --install /home/ponqoo/rodep/urg_node2/build/urg_node2
