-- The C compiler identification is GNU 13.3.0
-- The CXX compiler identification is GNU 13.3.0
-- Detecting C compiler ABI info
-- Detecting C compiler ABI info - done
-- Check for working C compiler: /usr/bin/cc - skipped
-- Detecting C compile features
-- Detecting C compile features - done
-- Detecting CXX compiler ABI info
-- Detecting CXX compiler ABI info - done
-- Check for working CXX compiler: /usr/bin/c++ - skipped
-- Detecting CXX compile features
-- Detecting CXX compile features - done
-- Found ament_cmake: 2.5.6 (/opt/ros/jazzy/share/ament_cmake/cmake)
-- Found Python3: /usr/bin/python3 (found version "3.12.3") found components: Interpreter 
-- Found rclcpp: 28.1.18 (/opt/ros/jazzy/share/rclcpp/cmake)
-- Found rosidl_generator_c: 4.6.7 (/opt/ros/jazzy/share/rosidl_generator_c/cmake)
-- Found rosidl_generator_cpp: 4.6.7 (/opt/ros/jazzy/share/rosidl_generator_cpp/cmake)
-- Using all available rosidl_typesupport_c: rosidl_typesupport_fastrtps_c;rosidl_typesupport_introspection_c
-- Using all available rosidl_typesupport_cpp: rosidl_typesupport_fastrtps_cpp;rosidl_typesupport_introspection_cpp
-- Found rmw_implementation_cmake: 7.3.3 (/opt/ros/jazzy/share/rmw_implementation_cmake/cmake)
-- Found rmw_fastrtps_cpp: 8.4.3 (/opt/ros/jazzy/share/rmw_fastrtps_cpp/cmake)
-- Found OpenSSL: /usr/lib/x86_64-linux-gnu/libcrypto.so (found version "3.0.13")  
-- Found FastRTPS: /opt/ros/jazzy/include (Required is at least version "2.13") 
-- Using RMW implementation 'rmw_fastrtps_cpp' as default
-- Found sensor_msgs: 5.3.7 (/opt/ros/jazzy/share/sensor_msgs/cmake)
-- Configuring done (4.0s)
-- Generating done (0.0s)
-- Build files have been written to: /home/ponqoo/rodep/urg_node2/build/urg_node2
[  9%] Building C object CMakeFiles/urg_c.dir/urg_library/current/src/urg_utils.c.o
[ 18%] Building C object CMakeFiles/urg_c.dir/urg_library/current/src/urg_sensor.c.o
[ 27%] Building C object CMakeFiles/urg_c.dir/urg_library/current/src/urg_tcpclient.c.o
[ 45%] Building C object CMakeFiles/urg_c.dir/urg_library/current/src/urg_serial.c.o
[ 36%] Building C object CMakeFiles/urg_c.dir/urg_library/current/src/urg_debug.c.o
[ 54%] Building C object CMakeFiles/urg_c.dir/urg_library/current/src/urg_ring_buffer.c.o
[ 63%] Building C object CMakeFiles/urg_c.dir/urg_library/current/src/urg_connection.c.o
[ 72%] Building C object CMakeFiles/urg_c.dir/urg_library/current/src/urg_serial_utils.c.o
/home/ponqoo/rodep/urg_node2/urg_library/current/src/urg_utils.c: In function ‘urg_delay’:
/home/ponqoo/rodep/urg_node2/urg_library/current/src/urg_utils.c:224:5: warning: implicit declaration of function ‘usleep’; did you mean ‘urg_sleep’? [-Wimplicit-function-declaration]
  224 |     usleep(1000 * delay_msec);
      |     ^~~~~~
      |     urg_sleep
/home/ponqoo/rodep/urg_node2/urg_library/current/src/urg_sensor.c:1349:8: warning: type qualifiers ignored on function return type [-Wignored-qualifiers]
 1349 | static const int receive_II_command_response(urg_t *urg,
      |        ^~~~~
[ 81%] Linking C shared library liburg_c.so
[ 81%] Built target urg_c
[ 90%] Building CXX object CMakeFiles/urg_node2_node.dir/src/urg_node2.cpp.o
[100%] Linking CXX executable urg_node2_node
[100%] Built target urg_node2_node
-- Install configuration: ""
-- Installing: /home/ponqoo/rodep/urg_node2/install/urg_node2/lib/urg_node2/urg_node2_node
-- Set non-toolchain portion of runtime path of "/home/ponqoo/rodep/urg_node2/install/urg_node2/lib/urg_node2/urg_node2_node" to ""
-- Installing: /home/ponqoo/rodep/urg_node2/install/urg_node2/lib/liburg_c.so
-- Installing: /home/ponqoo/rodep/urg_node2/install/urg_node2/share/urg_node2/launch
-- Installing: /home/ponqoo/rodep/urg_node2/install/urg_node2/share/urg_node2/launch/urg_node2.launch.py
-- Installing: /home/ponqoo/rodep/urg_node2/install/urg_node2/share/urg_node2/config
-- Installing: /home/ponqoo/rodep/urg_node2/install/urg_node2/share/urg_node2/config/params_serial.yaml
-- Installing: /home/ponqoo/rodep/urg_node2/install/urg_node2/share/ament_index/resource_index/package_run_dependencies/urg_node2
-- Installing: /home/ponqoo/rodep/urg_node2/install/urg_node2/share/ament_index/resource_index/parent_prefix_path/urg_node2
-- Installing: /home/ponqoo/rodep/urg_node2/install/urg_node2/share/urg_node2/environment/ament_prefix_path.sh
-- Installing: /home/ponqoo/rodep/urg_node2/install/urg_node2/share/urg_node2/environment/ament_prefix_path.dsv
-- Installing: /home/ponqoo/rodep/urg_node2/install/urg_node2/share/urg_node2/environment/path.sh
-- Installing: /home/ponqoo/rodep/urg_node2/install/urg_node2/share/urg_node2/environment/path.dsv
-- Installing: /home/ponqoo/rodep/urg_node2/install/urg_node2/share/urg_node2/local_setup.bash
-- Installing: /home/ponqoo/rodep/urg_node2/install/urg_node2/share/urg_node2/local_setup.sh
-- Installing: /home/ponqoo/rodep/urg_node2/install/urg_node2/share/urg_node2/local_setup.zsh
-- Installing: /home/ponqoo/rodep/urg_node2/install/urg_node2/share/urg_node2/local_setup.dsv
-- Installing: /home/ponqoo/rodep/urg_node2/install/urg_node2/share/urg_node2/package.dsv
-- Installing: /home/ponqoo/rodep/urg_node2/install/urg_node2/share/ament_index/resource_index/packages/urg_node2
-- Installing: /home/ponqoo/rodep/urg_node2/install/urg_node2/share/urg_node2/cmake/urg_node2Config.cmake
-- Installing: /home/ponqoo/rodep/urg_node2/install/urg_node2/share/urg_node2/cmake/urg_node2Config-version.cmake
-- Installing: /home/ponqoo/rodep/urg_node2/install/urg_node2/share/urg_node2/package.xml
