[0.023s] Invoking command in '/home/ponqoo/rodep/urg_node2/build/urg_node2': CMAKE_PREFIX_PATH=${CMAKE_PREFIX_PATH}:/opt/ros/jazzy /usr/bin/cmake /home/ponqoo/rodep/urg_node2 -DCMAKE_INSTALL_PREFIX=/home/ponqoo/rodep/urg_node2/install/urg_node2
[0.331s] -- The C compiler identification is GNU 13.3.0
[0.673s] -- The CXX compiler identification is GNU 13.3.0
[0.947s] -- Detecting C compiler ABI info
[1.252s] -- Detecting C compiler ABI info - done
[1.266s] -- Check for working C compiler: /usr/bin/cc - skipped
[1.288s] -- Detecting C compile features
[1.308s] -- Detecting C compile features - done
[1.395s] -- Detecting CXX compiler ABI info
[1.693s] -- Detecting CXX compiler ABI info - done
[1.710s] -- Check for working CXX compiler: /usr/bin/c++ - skipped
[1.710s] -- Detecting CXX compile features
[1.711s] -- Detecting CXX compile features - done
[1.765s] -- Found ament_cmake: 2.5.6 (/opt/ros/jazzy/share/ament_cmake/cmake)
[1.977s] -- Found Python3: /usr/bin/python3 (found version "3.12.3") found components: Interpreter 
[2.207s] -- Found rclcpp: 28.1.18 (/opt/ros/jazzy/share/rclcpp/cmake)
[2.559s] -- Found rosidl_generator_c: 4.6.7 (/opt/ros/jazzy/share/rosidl_generator_c/cmake)
[2.596s] -- Found rosidl_generator_cpp: 4.6.7 (/opt/ros/jazzy/share/rosidl_generator_cpp/cmake)
[2.649s] -- Using all available rosidl_typesupport_c: rosidl_typesupport_fastrtps_c;rosidl_typesupport_introspection_c
[2.690s] -- Using all available rosidl_typesupport_cpp: rosidl_typesupport_fastrtps_cpp;rosidl_typesupport_introspection_cpp
[2.830s] -- Found rmw_implementation_cmake: 7.3.3 (/opt/ros/jazzy/share/rmw_implementation_cmake/cmake)
[2.836s] -- Found rmw_fastrtps_cpp: 8.4.3 (/opt/ros/jazzy/share/rmw_fastrtps_cpp/cmake)
[2.964s] -- Found OpenSSL: /usr/lib/x86_64-linux-gnu/libcrypto.so (found version "3.0.13")  
[3.137s] -- Found FastRTPS: /opt/ros/jazzy/include (Required is at least version "2.13") 
[3.270s] -- Using RMW implementation 'rmw_fastrtps_cpp' as default
[3.658s] -- Found sensor_msgs: 5.3.7 (/opt/ros/jazzy/share/sensor_msgs/cmake)
[4.033s] -- Configuring done (4.0s)
[4.066s] -- Generating done (0.0s)
[4.075s] -- Build files have been written to: /home/ponqoo/rodep/urg_node2/build/urg_node2
[4.092s] Invoked command in '/home/ponqoo/rodep/urg_node2/build/urg_node2' returned '0': CMAKE_PREFIX_PATH=${CMAKE_PREFIX_PATH}:/opt/ros/jazzy /usr/bin/cmake /home/ponqoo/rodep/urg_node2 -DCMAKE_INSTALL_PREFIX=/home/ponqoo/rodep/urg_node2/install/urg_node2
[4.095s] Invoking command in '/home/ponqoo/rodep/urg_node2/build/urg_node2': CMAKE_PREFIX_PATH=${CMAKE_PREFIX_PATH}:/opt/ros/jazzy /usr/bin/cmake --build /home/ponqoo/rodep/urg_node2/build/urg_node2 -- -j14 -l14
[4.186s] [  9%] Building C object CMakeFiles/urg_c.dir/urg_library/current/src/urg_utils.c.o
[4.188s] [ 18%] Building C object CMakeFiles/urg_c.dir/urg_library/current/src/urg_sensor.c.o
[4.193s] [ 27%] Building C object CMakeFiles/urg_c.dir/urg_library/current/src/urg_tcpclient.c.o
[4.197s] [ 45%] Building C object CMakeFiles/urg_c.dir/urg_library/current/src/urg_serial.c.o
[4.197s] [ 36%] Building C object CMakeFiles/urg_c.dir/urg_library/current/src/urg_debug.c.o
[4.199s] [ 54%] Building C object CMakeFiles/urg_c.dir/urg_library/current/src/urg_ring_buffer.c.o
[4.204s] [ 63%] Building C object CMakeFiles/urg_c.dir/urg_library/current/src/urg_connection.c.o
[4.205s] [ 72%] Building C object CMakeFiles/urg_c.dir/urg_library/current/src/urg_serial_utils.c.o
[4.336s] /home/ponqoo/rodep/urg_node2/urg_library/current/src/urg_utils.c: In function ‘urg_delay’:
[4.336s] /home/ponqoo/rodep/urg_node2/urg_library/current/src/urg_utils.c:224:5: warning: implicit declaration of function ‘usleep’; did you mean ‘urg_sleep’? [-Wimplicit-function-declaration]
[4.337s]   224 |     usleep(1000 * delay_msec);
[4.337s]       |     ^~~~~~
[4.337s]       |     urg_sleep
[4.337s] /home/ponqoo/rodep/urg_node2/urg_library/current/src/urg_sensor.c:1349:8: warning: type qualifiers ignored on function return type [-Wignored-qualifiers]
[4.337s]  1349 | static const int receive_II_command_response(urg_t *urg,
[4.337s]       |        ^~~~~
[4.415s] [ 81%] Linking C shared library liburg_c.so
[4.502s] [ 81%] Built target urg_c
[4.522s] [ 90%] Building CXX object CMakeFiles/urg_node2_node.dir/src/urg_node2.cpp.o
[11.054s] [100%] Linking CXX executable urg_node2_node
[11.456s] [100%] Built target urg_node2_node
[11.482s] Invoked command in '/home/ponqoo/rodep/urg_node2/build/urg_node2' returned '0': CMAKE_PREFIX_PATH=${CMAKE_PREFIX_PATH}:/opt/ros/jazzy /usr/bin/cmake --build /home/ponqoo/rodep/urg_node2/build/urg_node2 -- -j14 -l14
[11.491s] Invoking command in '/home/ponqoo/rodep/urg_node2/build/urg_node2': CMAKE_PREFIX_PATH=${CMAKE_PREFIX_PATH}:/opt/ros/jazzy /usr/bin/cmake --install /home/ponqoo/rodep/urg_node2/build/urg_node2
[11.498s] -- Install configuration: ""
[11.499s] -- Installing: /home/ponqoo/rodep/urg_node2/install/urg_node2/lib/urg_node2/urg_node2_node
[11.501s] -- Set non-toolchain portion of runtime path of "/home/ponqoo/rodep/urg_node2/install/urg_node2/lib/urg_node2/urg_node2_node" to ""
[11.501s] -- Installing: /home/ponqoo/rodep/urg_node2/install/urg_node2/lib/liburg_c.so
[11.501s] -- Installing: /home/ponqoo/rodep/urg_node2/install/urg_node2/share/urg_node2/launch
[11.501s] -- Installing: /home/ponqoo/rodep/urg_node2/install/urg_node2/share/urg_node2/launch/urg_node2.launch.py
[11.501s] -- Installing: /home/ponqoo/rodep/urg_node2/install/urg_node2/share/urg_node2/config
[11.501s] -- Installing: /home/ponqoo/rodep/urg_node2/install/urg_node2/share/urg_node2/config/params_serial.yaml
[11.502s] -- Installing: /home/ponqoo/rodep/urg_node2/install/urg_node2/share/ament_index/resource_index/package_run_dependencies/urg_node2
[11.502s] -- Installing: /home/ponqoo/rodep/urg_node2/install/urg_node2/share/ament_index/resource_index/parent_prefix_path/urg_node2
[11.502s] -- Installing: /home/ponqoo/rodep/urg_node2/install/urg_node2/share/urg_node2/environment/ament_prefix_path.sh
[11.502s] -- Installing: /home/ponqoo/rodep/urg_node2/install/urg_node2/share/urg_node2/environment/ament_prefix_path.dsv
[11.503s] -- Installing: /home/ponqoo/rodep/urg_node2/install/urg_node2/share/urg_node2/environment/path.sh
[11.503s] -- Installing: /home/ponqoo/rodep/urg_node2/install/urg_node2/share/urg_node2/environment/path.dsv
[11.503s] -- Installing: /home/ponqoo/rodep/urg_node2/install/urg_node2/share/urg_node2/local_setup.bash
[11.503s] -- Installing: /home/ponqoo/rodep/urg_node2/install/urg_node2/share/urg_node2/local_setup.sh
[11.503s] -- Installing: /home/ponqoo/rodep/urg_node2/install/urg_node2/share/urg_node2/local_setup.zsh
[11.503s] -- Installing: /home/ponqoo/rodep/urg_node2/install/urg_node2/share/urg_node2/local_setup.dsv
[11.503s] -- Installing: /home/ponqoo/rodep/urg_node2/install/urg_node2/share/urg_node2/package.dsv
[11.504s] -- Installing: /home/ponqoo/rodep/urg_node2/install/urg_node2/share/ament_index/resource_index/packages/urg_node2
[11.504s] -- Installing: /home/ponqoo/rodep/urg_node2/install/urg_node2/share/urg_node2/cmake/urg_node2Config.cmake
[11.504s] -- Installing: /home/ponqoo/rodep/urg_node2/install/urg_node2/share/urg_node2/cmake/urg_node2Config-version.cmake
[11.504s] -- Installing: /home/ponqoo/rodep/urg_node2/install/urg_node2/share/urg_node2/package.xml
[11.505s] Invoked command in '/home/ponqoo/rodep/urg_node2/build/urg_node2' returned '0': CMAKE_PREFIX_PATH=${CMAKE_PREFIX_PATH}:/opt/ros/jazzy /usr/bin/cmake --install /home/ponqoo/rodep/urg_node2/build/urg_node2
