[ 81%] Built target urg_c
[ 90%] Building CXX object CMakeFiles/urg_node2_node.dir/src/urg_node2.cpp.o
[100%] Linking CXX executable urg_node2_node
[100%] Built target urg_node2_node
-- Install configuration: ""
-- Installing: /home/ponqoo/rodep/urg_node2/install/urg_node2/lib/urg_node2/urg_node2_node
-- Set non-toolchain portion of runtime path of "/home/ponqoo/rodep/urg_node2/install/urg_node2/lib/urg_node2/urg_node2_node" to ""
-- Up-to-date: /home/ponqoo/rodep/urg_node2/install/urg_node2/lib/liburg_c.so
-- Up-to-date: /home/ponqoo/rodep/urg_node2/install/urg_node2/share/urg_node2/launch
-- Up-to-date: /home/ponqoo/rodep/urg_node2/install/urg_node2/share/urg_node2/launch/urg_node2.launch.py
-- Up-to-date: /home/ponqoo/rodep/urg_node2/install/urg_node2/share/urg_node2/config
-- Up-to-date: /home/ponqoo/rodep/urg_node2/install/urg_node2/share/urg_node2/config/params_serial.yaml
-- Up-to-date: /home/ponqoo/rodep/urg_node2/install/urg_node2/share/ament_index/resource_index/package_run_dependencies/urg_node2
-- Up-to-date: /home/ponqoo/rodep/urg_node2/install/urg_node2/share/ament_index/resource_index/parent_prefix_path/urg_node2
-- Up-to-date: /home/ponqoo/rodep/urg_node2/install/urg_node2/share/urg_node2/environment/ament_prefix_path.sh
-- Up-to-date: /home/ponqoo/rodep/urg_node2/install/urg_node2/share/urg_node2/environment/ament_prefix_path.dsv
-- Up-to-date: /home/ponqoo/rodep/urg_node2/install/urg_node2/share/urg_node2/environment/path.sh
-- Up-to-date: /home/ponqoo/rodep/urg_node2/install/urg_node2/share/urg_node2/environment/path.dsv
-- Up-to-date: /home/ponqoo/rodep/urg_node2/install/urg_node2/share/urg_node2/local_setup.bash
-- Up-to-date: /home/ponqoo/rodep/urg_node2/install/urg_node2/share/urg_node2/local_setup.sh
-- Up-to-date: /home/ponqoo/rodep/urg_node2/install/urg_node2/share/urg_node2/local_setup.zsh
-- Up-to-date: /home/ponqoo/rodep/urg_node2/install/urg_node2/share/urg_node2/local_setup.dsv
-- Installing: /home/ponqoo/rodep/urg_node2/install/urg_node2/share/urg_node2/package.dsv
-- Up-to-date: /home/ponqoo/rodep/urg_node2/install/urg_node2/share/ament_index/resource_index/packages/urg_node2
-- Up-to-date: /home/ponqoo/rodep/urg_node2/install/urg_node2/share/urg_node2/cmake/urg_node2Config.cmake
-- Up-to-date: /home/ponqoo/rodep/urg_node2/install/urg_node2/share/urg_node2/cmake/urg_node2Config-version.cmake
-- Up-to-date: /home/ponqoo/rodep/urg_node2/install/urg_node2/share/urg_node2/package.xml
