[0.020s] Invoking command in '/home/ponqoo/rodep/urg_node2/build/urg_node2': CMAKE_PREFIX_PATH=${CMAKE_PREFIX_PATH}:/opt/ros/jazzy /usr/bin/cmake --build /home/ponqoo/rodep/urg_node2/build/urg_node2 -- -j14 -l14
[0.151s] [ 81%] Built target urg_c
[0.185s] [ 90%] Building CXX object CMakeFiles/urg_node2_node.dir/src/urg_node2.cpp.o
[7.652s] [100%] Linking CXX executable urg_node2_node
[8.157s] [100%] Built target urg_node2_node
[8.169s] Invoked command in '/home/ponqoo/rodep/urg_node2/build/urg_node2' returned '0': CMAKE_PREFIX_PATH=${CMAKE_PREFIX_PATH}:/opt/ros/jazzy /usr/bin/cmake --build /home/ponqoo/rodep/urg_node2/build/urg_node2 -- -j14 -l14
[8.187s] Invoking command in '/home/ponqoo/rodep/urg_node2/build/urg_node2': CMAKE_PREFIX_PATH=${CMAKE_PREFIX_PATH}:/opt/ros/jazzy /usr/bin/cmake --install /home/ponqoo/rodep/urg_node2/build/urg_node2
[8.198s] -- Install configuration: ""
[8.202s] -- Installing: /home/ponqoo/rodep/urg_node2/install/urg_node2/lib/urg_node2/urg_node2_node
[8.205s] -- Set non-toolchain portion of runtime path of "/home/ponqoo/rodep/urg_node2/install/urg_node2/lib/urg_node2/urg_node2_node" to ""
[8.208s] -- Up-to-date: /home/ponqoo/rodep/urg_node2/install/urg_node2/lib/liburg_c.so
[8.209s] -- Up-to-date: /home/ponqoo/rodep/urg_node2/install/urg_node2/share/urg_node2/launch
[8.209s] -- Up-to-date: /home/ponqoo/rodep/urg_node2/install/urg_node2/share/urg_node2/launch/urg_node2.launch.py
[8.209s] -- Up-to-date: /home/ponqoo/rodep/urg_node2/install/urg_node2/share/urg_node2/config
[8.209s] -- Up-to-date: /home/ponqoo/rodep/urg_node2/install/urg_node2/share/urg_node2/config/params_serial.yaml
[8.209s] -- Up-to-date: /home/ponqoo/rodep/urg_node2/install/urg_node2/share/ament_index/resource_index/package_run_dependencies/urg_node2
[8.209s] -- Up-to-date: /home/ponqoo/rodep/urg_node2/install/urg_node2/share/ament_index/resource_index/parent_prefix_path/urg_node2
[8.209s] -- Up-to-date: /home/ponqoo/rodep/urg_node2/install/urg_node2/share/urg_node2/environment/ament_prefix_path.sh
[8.210s] -- Up-to-date: /home/ponqoo/rodep/urg_node2/install/urg_node2/share/urg_node2/environment/ament_prefix_path.dsv
[8.211s] -- Up-to-date: /home/ponqoo/rodep/urg_node2/install/urg_node2/share/urg_node2/environment/path.sh
[8.211s] -- Up-to-date: /home/ponqoo/rodep/urg_node2/install/urg_node2/share/urg_node2/environment/path.dsv
[8.212s] -- Up-to-date: /home/ponqoo/rodep/urg_node2/install/urg_node2/share/urg_node2/local_setup.bash
[8.212s] -- Up-to-date: /home/ponqoo/rodep/urg_node2/install/urg_node2/share/urg_node2/local_setup.sh
[8.213s] -- Up-to-date: /home/ponqoo/rodep/urg_node2/install/urg_node2/share/urg_node2/local_setup.zsh
[8.213s] -- Up-to-date: /home/ponqoo/rodep/urg_node2/install/urg_node2/share/urg_node2/local_setup.dsv
[8.213s] -- Installing: /home/ponqoo/rodep/urg_node2/install/urg_node2/share/urg_node2/package.dsv
[8.215s] -- Up-to-date: /home/ponqoo/rodep/urg_node2/install/urg_node2/share/ament_index/resource_index/packages/urg_node2
[8.215s] -- Up-to-date: /home/ponqoo/rodep/urg_node2/install/urg_node2/share/urg_node2/cmake/urg_node2Config.cmake
[8.215s] -- Up-to-date: /home/ponqoo/rodep/urg_node2/install/urg_node2/share/urg_node2/cmake/urg_node2Config-version.cmake
[8.215s] -- Up-to-date: /home/ponqoo/rodep/urg_node2/install/urg_node2/share/urg_node2/package.xml
[8.218s] Invoked command in '/home/ponqoo/rodep/urg_node2/build/urg_node2' returned '0': CMAKE_PREFIX_PATH=${CMAKE_PREFIX_PATH}:/opt/ros/jazzy /usr/bin/cmake --install /home/ponqoo/rodep/urg_node2/build/urg_node2
