[0.736s] DEBUG:colcon:Command line arguments: ['/usr/bin/colcon', 'build', '--symlink-install']
[0.736s] DEBUG:colcon:Parsed command line arguments: Namespace(log_base=None, log_level=None, verb_name='build', build_base='build', install_base='install', merge_install=False, symlink_install=True, test_result_base=None, continue_on_error=False, executor='parallel', parallel_workers=14, event_handlers=None, ignore_user_meta=False, metas=['./colcon.meta'], base_paths=['.'], packages_ignore=None, packages_ignore_regex=None, paths=None, packages_up_to=None, packages_up_to_regex=None, packages_above=None, packages_above_and_dependencies=None, packages_above_depth=None, packages_select_by_dep=None, packages_skip_by_dep=None, packages_skip_up_to=None, packages_select_build_failed=False, packages_skip_build_finished=False, packages_select_test_failures=False, packages_skip_test_passed=False, packages_select=None, packages_skip=None, packages_select_regex=None, packages_skip_regex=None, packages_start=None, packages_end=None, allow_overriding=[], cmake_args=None, cmake_target=None, cmake_target_skip_unavailable=False, cmake_clean_cache=False, cmake_clean_first=False, cmake_force_configure=False, ament_cmake_args=None, catkin_cmake_args=None, catkin_skip_building_tests=False, mixin_files=None, mixin=None, verb_parser=<colcon_mixin.mixin.mixin_argument.MixinArgumentDecorator object at 0x73c8db095250>, verb_extension=<colcon_core.verb.build.BuildVerb object at 0x73c8db0951c0>, main=<bound method BuildVerb.main of <colcon_core.verb.build.BuildVerb object at 0x73c8db0951c0>>, mixin_verb=('build',))
[0.922s] Level 1:colcon.colcon_core.package_discovery:discover_packages(colcon_meta) check parameters
[0.923s] Level 1:colcon.colcon_core.package_discovery:discover_packages(recursive) check parameters
[0.923s] Level 1:colcon.colcon_core.package_discovery:discover_packages(ignore) check parameters
[0.923s] Level 1:colcon.colcon_core.package_discovery:discover_packages(path) check parameters
[0.923s] Level 1:colcon.colcon_core.package_discovery:discover_packages(colcon_meta) discover
[0.923s] Level 1:colcon.colcon_core.package_discovery:discover_packages(recursive) discover
[0.923s] INFO:colcon.colcon_core.package_discovery:Crawling recursively for packages in '/home/ponqoo/rodep/urg_node2'
[0.924s] Level 1:colcon.colcon_core.package_identification:_identify(.) by extensions ['ignore', 'ignore_ament_install']
[0.925s] Level 1:colcon.colcon_core.package_identification:_identify(.) by extension 'ignore'
[0.925s] Level 1:colcon.colcon_core.package_identification:_identify(.) by extension 'ignore_ament_install'
[0.925s] Level 1:colcon.colcon_core.package_identification:_identify(.) by extensions ['colcon_pkg']
[0.925s] Level 1:colcon.colcon_core.package_identification:_identify(.) by extension 'colcon_pkg'
[0.925s] Level 1:colcon.colcon_core.package_identification:_identify(.) by extensions ['colcon_meta']
[0.925s] Level 1:colcon.colcon_core.package_identification:_identify(.) by extension 'colcon_meta'
[0.925s] Level 1:colcon.colcon_core.package_identification:_identify(.) by extensions ['ros']
[0.925s] Level 1:colcon.colcon_core.package_identification:_identify(.) by extension 'ros'
[1.038s] DEBUG:colcon.colcon_core.package_identification:Package '.' with type 'ros.ament_cmake' and name 'urg_node2'
[1.039s] Level 1:colcon.colcon_core.package_discovery:discover_packages(recursive) using defaults
[1.039s] Level 1:colcon.colcon_core.package_discovery:discover_packages(ignore) discover
[1.039s] Level 1:colcon.colcon_core.package_discovery:discover_packages(ignore) using defaults
[1.039s] Level 1:colcon.colcon_core.package_discovery:discover_packages(path) discover
[1.039s] Level 1:colcon.colcon_core.package_discovery:discover_packages(path) using defaults
[1.115s] Level 1:colcon.colcon_core.package_discovery:discover_packages(prefix_path) check parameters
[1.116s] Level 1:colcon.colcon_core.package_discovery:discover_packages(prefix_path) discover
[1.129s] DEBUG:colcon.colcon_installed_package_information.package_discovery:Found 292 installed packages in /opt/ros/jazzy
[1.132s] Level 1:colcon.colcon_core.package_discovery:discover_packages(prefix_path) using defaults
[1.333s] Level 5:colcon.colcon_core.verb:set package 'urg_node2' build argument 'cmake_args' from command line to 'None'
[1.333s] Level 5:colcon.colcon_core.verb:set package 'urg_node2' build argument 'cmake_target' from command line to 'None'
[1.333s] Level 5:colcon.colcon_core.verb:set package 'urg_node2' build argument 'cmake_target_skip_unavailable' from command line to 'False'
[1.333s] Level 5:colcon.colcon_core.verb:set package 'urg_node2' build argument 'cmake_clean_cache' from command line to 'False'
[1.333s] Level 5:colcon.colcon_core.verb:set package 'urg_node2' build argument 'cmake_clean_first' from command line to 'False'
[1.333s] Level 5:colcon.colcon_core.verb:set package 'urg_node2' build argument 'cmake_force_configure' from command line to 'False'
[1.333s] Level 5:colcon.colcon_core.verb:set package 'urg_node2' build argument 'ament_cmake_args' from command line to 'None'
[1.333s] Level 5:colcon.colcon_core.verb:set package 'urg_node2' build argument 'catkin_cmake_args' from command line to 'None'
[1.333s] Level 5:colcon.colcon_core.verb:set package 'urg_node2' build argument 'catkin_skip_building_tests' from command line to 'False'
[1.334s] DEBUG:colcon.colcon_core.verb:Building package 'urg_node2' with the following arguments: {'ament_cmake_args': None, 'build_base': '/home/ponqoo/rodep/urg_node2/build/urg_node2', 'catkin_cmake_args': None, 'catkin_skip_building_tests': False, 'cmake_args': None, 'cmake_clean_cache': False, 'cmake_clean_first': False, 'cmake_force_configure': False, 'cmake_target': None, 'cmake_target_skip_unavailable': False, 'install_base': '/home/ponqoo/rodep/urg_node2/install/urg_node2', 'merge_install': False, 'path': '/home/ponqoo/rodep/urg_node2', 'symlink_install': True, 'test_result_base': None}
[1.334s] INFO:colcon.colcon_core.executor:Executing jobs using 'parallel' executor
[1.337s] DEBUG:colcon.colcon_parallel_executor.executor.parallel:run_until_complete
[1.337s] INFO:colcon.colcon_ros.task.ament_cmake.build:Building ROS package in '/home/ponqoo/rodep/urg_node2' with build type 'ament_cmake'
[1.337s] INFO:colcon.colcon_cmake.task.cmake.build:Building CMake package in '/home/ponqoo/rodep/urg_node2'
[1.351s] INFO:colcon.colcon_core.plugin_system:Skipping extension 'colcon_core.shell.bat': Not used on non-Windows systems
[1.351s] INFO:colcon.colcon_core.shell:Skip shell extension 'powershell' for command environment: Not usable outside of PowerShell
[1.351s] DEBUG:colcon.colcon_core.shell:Skip shell extension 'dsv' for command environment
[1.381s] DEBUG:colcon.colcon_core.event_handler.log_command:Invoking command in '/home/ponqoo/rodep/urg_node2/build/urg_node2': CMAKE_PREFIX_PATH=${CMAKE_PREFIX_PATH}:/opt/ros/jazzy /usr/bin/cmake --build /home/ponqoo/rodep/urg_node2/build/urg_node2 -- -j14 -l14
[1.814s] DEBUG:colcon.colcon_core.event_handler.log_command:Invoked command in '/home/ponqoo/rodep/urg_node2/build/urg_node2' returned '0': CMAKE_PREFIX_PATH=${CMAKE_PREFIX_PATH}:/opt/ros/jazzy /usr/bin/cmake --build /home/ponqoo/rodep/urg_node2/build/urg_node2 -- -j14 -l14
[1.836s] DEBUG:colcon.colcon_core.event_handler.log_command:Invoking command in '/home/ponqoo/rodep/urg_node2/build/urg_node2': CMAKE_PREFIX_PATH=${CMAKE_PREFIX_PATH}:/opt/ros/jazzy /usr/bin/cmake --install /home/ponqoo/rodep/urg_node2/build/urg_node2
[1.903s] Level 1:colcon.colcon_core.environment:create_environment_scripts_only(urg_node2)
[1.904s] DEBUG:colcon.colcon_core.event_handler.log_command:Invoked command in '/home/ponqoo/rodep/urg_node2/build/urg_node2' returned '0': CMAKE_PREFIX_PATH=${CMAKE_PREFIX_PATH}:/opt/ros/jazzy /usr/bin/cmake --install /home/ponqoo/rodep/urg_node2/build/urg_node2
[1.918s] Level 1:colcon.colcon_core.environment:checking '/home/ponqoo/rodep/urg_node2/install/urg_node2' for CMake module files
[1.920s] Level 1:colcon.colcon_core.environment:checking '/home/ponqoo/rodep/urg_node2/install/urg_node2' for CMake config files
[1.926s] Level 1:colcon.colcon_core.shell:create_environment_hook('urg_node2', 'cmake_prefix_path')
[1.926s] INFO:colcon.colcon_core.shell:Creating environment hook '/home/ponqoo/rodep/urg_node2/install/urg_node2/share/urg_node2/hook/cmake_prefix_path.ps1'
[1.928s] INFO:colcon.colcon_core.shell:Creating environment descriptor '/home/ponqoo/rodep/urg_node2/install/urg_node2/share/urg_node2/hook/cmake_prefix_path.dsv'
[1.930s] INFO:colcon.colcon_core.shell:Creating environment hook '/home/ponqoo/rodep/urg_node2/install/urg_node2/share/urg_node2/hook/cmake_prefix_path.sh'
[1.932s] Level 1:colcon.colcon_core.environment:checking '/home/ponqoo/rodep/urg_node2/install/urg_node2/lib'
[1.933s] Level 1:colcon.colcon_core.shell:create_environment_hook('urg_node2', 'ld_library_path_lib')
[1.933s] INFO:colcon.colcon_core.shell:Creating environment hook '/home/ponqoo/rodep/urg_node2/install/urg_node2/share/urg_node2/hook/ld_library_path_lib.ps1'
[1.934s] INFO:colcon.colcon_core.shell:Creating environment descriptor '/home/ponqoo/rodep/urg_node2/install/urg_node2/share/urg_node2/hook/ld_library_path_lib.dsv'
[1.934s] INFO:colcon.colcon_core.shell:Creating environment hook '/home/ponqoo/rodep/urg_node2/install/urg_node2/share/urg_node2/hook/ld_library_path_lib.sh'
[1.935s] Level 1:colcon.colcon_core.environment:checking '/home/ponqoo/rodep/urg_node2/install/urg_node2/bin'
[1.935s] Level 1:colcon.colcon_core.environment:checking '/home/ponqoo/rodep/urg_node2/install/urg_node2/lib/pkgconfig/urg_node2.pc'
[1.935s] Level 1:colcon.colcon_core.environment:checking '/home/ponqoo/rodep/urg_node2/install/urg_node2/lib/python3.12/site-packages'
[1.936s] Level 1:colcon.colcon_core.environment:checking '/home/ponqoo/rodep/urg_node2/install/urg_node2/bin'
[1.936s] INFO:colcon.colcon_core.shell:Creating package script '/home/ponqoo/rodep/urg_node2/install/urg_node2/share/urg_node2/package.ps1'
[1.938s] INFO:colcon.colcon_core.shell:Creating package descriptor '/home/ponqoo/rodep/urg_node2/install/urg_node2/share/urg_node2/package.dsv'
[1.940s] INFO:colcon.colcon_core.shell:Creating package script '/home/ponqoo/rodep/urg_node2/install/urg_node2/share/urg_node2/package.sh'
[1.942s] INFO:colcon.colcon_core.shell:Creating package script '/home/ponqoo/rodep/urg_node2/install/urg_node2/share/urg_node2/package.bash'
[1.944s] INFO:colcon.colcon_core.shell:Creating package script '/home/ponqoo/rodep/urg_node2/install/urg_node2/share/urg_node2/package.zsh'
[1.945s] Level 1:colcon.colcon_core.environment:create_file_with_runtime_dependencies(/home/ponqoo/rodep/urg_node2/install/urg_node2/share/colcon-core/packages/urg_node2)
[1.947s] Level 1:colcon.colcon_core.environment:create_environment_scripts_only(urg_node2)
[1.947s] Level 1:colcon.colcon_core.environment:checking '/home/ponqoo/rodep/urg_node2/install/urg_node2' for CMake module files
[1.948s] Level 1:colcon.colcon_core.environment:checking '/home/ponqoo/rodep/urg_node2/install/urg_node2' for CMake config files
[1.949s] Level 1:colcon.colcon_core.shell:create_environment_hook('urg_node2', 'cmake_prefix_path')
[1.949s] INFO:colcon.colcon_core.shell:Creating environment hook '/home/ponqoo/rodep/urg_node2/install/urg_node2/share/urg_node2/hook/cmake_prefix_path.ps1'
[1.950s] INFO:colcon.colcon_core.shell:Creating environment descriptor '/home/ponqoo/rodep/urg_node2/install/urg_node2/share/urg_node2/hook/cmake_prefix_path.dsv'
[1.950s] INFO:colcon.colcon_core.shell:Creating environment hook '/home/ponqoo/rodep/urg_node2/install/urg_node2/share/urg_node2/hook/cmake_prefix_path.sh'
[1.951s] Level 1:colcon.colcon_core.environment:checking '/home/ponqoo/rodep/urg_node2/install/urg_node2/lib'
[1.951s] Level 1:colcon.colcon_core.shell:create_environment_hook('urg_node2', 'ld_library_path_lib')
[1.952s] INFO:colcon.colcon_core.shell:Creating environment hook '/home/ponqoo/rodep/urg_node2/install/urg_node2/share/urg_node2/hook/ld_library_path_lib.ps1'
[1.952s] INFO:colcon.colcon_core.shell:Creating environment descriptor '/home/ponqoo/rodep/urg_node2/install/urg_node2/share/urg_node2/hook/ld_library_path_lib.dsv'
[1.953s] INFO:colcon.colcon_core.shell:Creating environment hook '/home/ponqoo/rodep/urg_node2/install/urg_node2/share/urg_node2/hook/ld_library_path_lib.sh'
[1.953s] Level 1:colcon.colcon_core.environment:checking '/home/ponqoo/rodep/urg_node2/install/urg_node2/bin'
[1.953s] Level 1:colcon.colcon_core.environment:checking '/home/ponqoo/rodep/urg_node2/install/urg_node2/lib/pkgconfig/urg_node2.pc'
[1.954s] Level 1:colcon.colcon_core.environment:checking '/home/ponqoo/rodep/urg_node2/install/urg_node2/lib/python3.12/site-packages'
[1.954s] Level 1:colcon.colcon_core.environment:checking '/home/ponqoo/rodep/urg_node2/install/urg_node2/bin'
[1.954s] INFO:colcon.colcon_core.shell:Creating package script '/home/ponqoo/rodep/urg_node2/install/urg_node2/share/urg_node2/package.ps1'
[1.956s] INFO:colcon.colcon_core.shell:Creating package descriptor '/home/ponqoo/rodep/urg_node2/install/urg_node2/share/urg_node2/package.dsv'
[1.956s] INFO:colcon.colcon_core.shell:Creating package script '/home/ponqoo/rodep/urg_node2/install/urg_node2/share/urg_node2/package.sh'
[1.958s] INFO:colcon.colcon_core.shell:Creating package script '/home/ponqoo/rodep/urg_node2/install/urg_node2/share/urg_node2/package.bash'
[1.958s] INFO:colcon.colcon_core.shell:Creating package script '/home/ponqoo/rodep/urg_node2/install/urg_node2/share/urg_node2/package.zsh'
[1.959s] Level 1:colcon.colcon_core.environment:create_file_with_runtime_dependencies(/home/ponqoo/rodep/urg_node2/install/urg_node2/share/colcon-core/packages/urg_node2)
[1.960s] DEBUG:colcon.colcon_parallel_executor.executor.parallel:closing loop
[1.961s] DEBUG:colcon.colcon_parallel_executor.executor.parallel:loop closed
[1.962s] DEBUG:colcon.colcon_parallel_executor.executor.parallel:run_until_complete finished with '0'
[1.962s] DEBUG:colcon.colcon_core.event_reactor:joining thread
[1.992s] INFO:colcon.colcon_core.plugin_system:Skipping extension 'colcon_notification.desktop_notification.terminal_notifier': Not used on non-Darwin systems
[1.992s] INFO:colcon.colcon_core.plugin_system:Skipping extension 'colcon_notification.desktop_notification.win32': Not used on non-Windows systems
[1.992s] INFO:colcon.colcon_notification.desktop_notification:Sending desktop notification using 'notify2'
[1.999s] DEBUG:colcon.colcon_notification.desktop_notification.notify2:Failed to initialize notify2: org.freedesktop.DBus.Error.ServiceUnknown: The name org.freedesktop.Notifications was not provided by any .service files
[2.000s] DEBUG:colcon.colcon_core.event_reactor:joined thread
[2.000s] INFO:colcon.colcon_core.shell:Creating prefix script '/home/ponqoo/rodep/urg_node2/install/local_setup.ps1'
[2.002s] INFO:colcon.colcon_core.shell:Creating prefix util module '/home/ponqoo/rodep/urg_node2/install/_local_setup_util_ps1.py'
[2.004s] INFO:colcon.colcon_core.shell:Creating prefix chain script '/home/ponqoo/rodep/urg_node2/install/setup.ps1'
[2.006s] INFO:colcon.colcon_core.shell:Creating prefix script '/home/ponqoo/rodep/urg_node2/install/local_setup.sh'
[2.007s] INFO:colcon.colcon_core.shell:Creating prefix util module '/home/ponqoo/rodep/urg_node2/install/_local_setup_util_sh.py'
[2.008s] INFO:colcon.colcon_core.shell:Creating prefix chain script '/home/ponqoo/rodep/urg_node2/install/setup.sh'
[2.010s] INFO:colcon.colcon_core.shell:Creating prefix script '/home/ponqoo/rodep/urg_node2/install/local_setup.bash'
[2.011s] INFO:colcon.colcon_core.shell:Creating prefix chain script '/home/ponqoo/rodep/urg_node2/install/setup.bash'
[2.013s] INFO:colcon.colcon_core.shell:Creating prefix script '/home/ponqoo/rodep/urg_node2/install/local_setup.zsh'
[2.015s] INFO:colcon.colcon_core.shell:Creating prefix chain script '/home/ponqoo/rodep/urg_node2/install/setup.zsh'
