[0.015s] Invoking command in '/home/ponqoo/rodep/urg_node2/build/urg_node2': CMAKE_PREFIX_PATH=${CMAKE_PREFIX_PATH}:/opt/ros/jazzy /usr/bin/cmake --build /home/ponqoo/rodep/urg_node2/build/urg_node2 -- -j14 -l14
[0.104s] [ 45%] Built target urg_c
[0.104s] [ 55%] Built target gtest_main
[0.107s] [ 65%] Built target gtest
[0.114s] [ 75%] Built target urg_node2_node
[0.141s] [ 80%] Building CXX object CMakeFiles/urg_node2.dir/src/urg_node2.cpp.o
[0.147s] [ 85%] Building CXX object CMakeFiles/urg_node2_test.dir/src/urg_node2.cpp.o
[7.486s] [ 90%] Linking CXX executable urg_node2_test
[7.523s] [ 95%] Linking CXX shared library liburg_node2.so
[7.823s] [ 95%] Built target urg_node2
[8.161s] [100%] Built target urg_node2_test
[8.184s] Invoked command in '/home/ponqoo/rodep/urg_node2/build/urg_node2' returned '0': CMAKE_PREFIX_PATH=${CMAKE_PREFIX_PATH}:/opt/ros/jazzy /usr/bin/cmake --build /home/ponqoo/rodep/urg_node2/build/urg_node2 -- -j14 -l14
[8.200s] Invoking command in '/home/ponqoo/rodep/urg_node2/build/urg_node2': CMAKE_PREFIX_PATH=${CMAKE_PREFIX_PATH}:/opt/ros/jazzy /usr/bin/cmake --install /home/ponqoo/rodep/urg_node2/build/urg_node2
[8.212s] -- Install configuration: ""
[8.213s] -- Execute custom install script
[8.214s] -- Up-to-date symlink: /home/ponqoo/rodep/urg_node2/install/urg_node2/lib/urg_node2/urg_node2_node
[8.214s] -- Up-to-date symlink: /home/ponqoo/rodep/urg_node2/install/urg_node2/lib/liburg_node2.so
[8.214s] -- Up-to-date symlink: /home/ponqoo/rodep/urg_node2/install/urg_node2/lib/liburg_c.so
[8.215s] -- Up-to-date symlink: /home/ponqoo/rodep/urg_node2/install/urg_node2/share/urg_node2/launch/urg_node2.launch.py
[8.215s] -- Up-to-date symlink: /home/ponqoo/rodep/urg_node2/install/urg_node2/share/urg_node2/launch/urg_node2_2lidar.launch.py
[8.215s] -- Up-to-date symlink: /home/ponqoo/rodep/urg_node2/install/urg_node2/share/urg_node2/launch/urg_node2_component.launch.py
[8.216s] -- Up-to-date symlink: /home/ponqoo/rodep/urg_node2/install/urg_node2/share/urg_node2/config/params_ether.yaml
[8.216s] -- Up-to-date symlink: /home/ponqoo/rodep/urg_node2/install/urg_node2/share/urg_node2/config/params_ether_2nd.yaml
[8.216s] -- Up-to-date symlink: /home/ponqoo/rodep/urg_node2/install/urg_node2/share/urg_node2/config/params_serial.yaml
[8.216s] -- Up-to-date symlink: /home/ponqoo/rodep/urg_node2/install/urg_node2/share/ament_index/resource_index/package_run_dependencies/urg_node2
[8.216s] -- Up-to-date symlink: /home/ponqoo/rodep/urg_node2/install/urg_node2/share/ament_index/resource_index/parent_prefix_path/urg_node2
[8.216s] -- Up-to-date symlink: /home/ponqoo/rodep/urg_node2/install/urg_node2/share/urg_node2/environment/ament_prefix_path.sh
[8.217s] -- Up-to-date symlink: /home/ponqoo/rodep/urg_node2/install/urg_node2/share/urg_node2/environment/ament_prefix_path.dsv
[8.217s] -- Up-to-date symlink: /home/ponqoo/rodep/urg_node2/install/urg_node2/share/urg_node2/environment/path.sh
[8.218s] -- Up-to-date symlink: /home/ponqoo/rodep/urg_node2/install/urg_node2/share/urg_node2/environment/path.dsv
[8.218s] -- Up-to-date symlink: /home/ponqoo/rodep/urg_node2/install/urg_node2/share/urg_node2/local_setup.bash
[8.219s] -- Up-to-date symlink: /home/ponqoo/rodep/urg_node2/install/urg_node2/share/urg_node2/local_setup.sh
[8.219s] -- Up-to-date symlink: /home/ponqoo/rodep/urg_node2/install/urg_node2/share/urg_node2/local_setup.zsh
[8.219s] -- Up-to-date symlink: /home/ponqoo/rodep/urg_node2/install/urg_node2/share/urg_node2/local_setup.dsv
[8.220s] -- Symlinking: /home/ponqoo/rodep/urg_node2/install/urg_node2/share/urg_node2/package.dsv
[8.233s] -- Up-to-date symlink: /home/ponqoo/rodep/urg_node2/install/urg_node2/share/ament_index/resource_index/packages/urg_node2
[8.234s] -- Up-to-date symlink: /home/ponqoo/rodep/urg_node2/install/urg_node2/share/ament_index/resource_index/rclcpp_components/urg_node2
[8.234s] -- Up-to-date symlink: /home/ponqoo/rodep/urg_node2/install/urg_node2/share/urg_node2/cmake/urg_node2Config.cmake
[8.234s] -- Up-to-date symlink: /home/ponqoo/rodep/urg_node2/install/urg_node2/share/urg_node2/cmake/urg_node2Config-version.cmake
[8.234s] -- Up-to-date symlink: /home/ponqoo/rodep/urg_node2/install/urg_node2/share/urg_node2/package.xml
[8.236s] Invoked command in '/home/ponqoo/rodep/urg_node2/build/urg_node2' returned '0': CMAKE_PREFIX_PATH=${CMAKE_PREFIX_PATH}:/opt/ros/jazzy /usr/bin/cmake --install /home/ponqoo/rodep/urg_node2/build/urg_node2
