[0.405s] DEBUG:colcon:Command line arguments: ['/usr/bin/colcon', 'build', '--event-handlers', 'console_direct+']
[0.405s] DEBUG:colcon:Parsed command line arguments: Namespace(log_base=None, log_level=None, verb_name='build', build_base='build', install_base='install', merge_install=False, symlink_install=False, test_result_base=None, continue_on_error=False, executor='parallel', parallel_workers=14, event_handlers=['console_direct+'], ignore_user_meta=False, metas=['./colcon.meta'], base_paths=['.'], packages_ignore=None, packages_ignore_regex=None, paths=None, packages_up_to=None, packages_up_to_regex=None, packages_above=None, packages_above_and_dependencies=None, packages_above_depth=None, packages_select_by_dep=None, packages_skip_by_dep=None, packages_skip_up_to=None, packages_select_build_failed=False, packages_skip_build_finished=False, packages_select_test_failures=False, packages_skip_test_passed=False, packages_select=None, packages_skip=None, packages_select_regex=None, packages_skip_regex=None, packages_start=None, packages_end=None, allow_overriding=[], cmake_args=None, cmake_target=None, cmake_target_skip_unavailable=False, cmake_clean_cache=False, cmake_clean_first=False, cmake_force_configure=False, ament_cmake_args=None, catkin_cmake_args=None, catkin_skip_building_tests=False, mixin_files=None, mixin=None, verb_parser=<colcon_mixin.mixin.mixin_argument.MixinArgumentDecorator object at 0x7ce6f0495610>, verb_extension=<colcon_core.verb.build.BuildVerb object at 0x7ce6f0495280>, main=<bound method BuildVerb.main of <colcon_core.verb.build.BuildVerb object at 0x7ce6f0495280>>, mixin_verb=('build',))
[0.538s] Level 1:colcon.colcon_core.package_discovery:discover_packages(colcon_meta) check parameters
[0.538s] Level 1:colcon.colcon_core.package_discovery:discover_packages(recursive) check parameters
[0.538s] Level 1:colcon.colcon_core.package_discovery:discover_packages(ignore) check parameters
[0.538s] Level 1:colcon.colcon_core.package_discovery:discover_packages(path) check parameters
[0.538s] Level 1:colcon.colcon_core.package_discovery:discover_packages(colcon_meta) discover
[0.538s] Level 1:colcon.colcon_core.package_discovery:discover_packages(recursive) discover
[0.538s] INFO:colcon.colcon_core.package_discovery:Crawling recursively for packages in '/home/ponqoo/rodep/urg_node2'
[0.538s] Level 1:colcon.colcon_core.package_identification:_identify(.) by extensions ['ignore', 'ignore_ament_install']
[0.538s] Level 1:colcon.colcon_core.package_identification:_identify(.) by extension 'ignore'
[0.538s] Level 1:colcon.colcon_core.package_identification:_identify(.) by extension 'ignore_ament_install'
[0.538s] Level 1:colcon.colcon_core.package_identification:_identify(.) by extensions ['colcon_pkg']
[0.538s] Level 1:colcon.colcon_core.package_identification:_identify(.) by extension 'colcon_pkg'
[0.538s] Level 1:colcon.colcon_core.package_identification:_identify(.) by extensions ['colcon_meta']
[0.538s] Level 1:colcon.colcon_core.package_identification:_identify(.) by extension 'colcon_meta'
[0.538s] Level 1:colcon.colcon_core.package_identification:_identify(.) by extensions ['ros']
[0.538s] Level 1:colcon.colcon_core.package_identification:_identify(.) by extension 'ros'
[0.608s] DEBUG:colcon.colcon_core.package_identification:Package '.' with type 'ros.ament_cmake' and name 'urg_node2'
[0.608s] Level 1:colcon.colcon_core.package_discovery:discover_packages(recursive) using defaults
[0.608s] Level 1:colcon.colcon_core.package_discovery:discover_packages(ignore) discover
[0.608s] Level 1:colcon.colcon_core.package_discovery:discover_packages(ignore) using defaults
[0.608s] Level 1:colcon.colcon_core.package_discovery:discover_packages(path) discover
[0.609s] Level 1:colcon.colcon_core.package_discovery:discover_packages(path) using defaults
[0.652s] Level 1:colcon.colcon_core.package_discovery:discover_packages(prefix_path) check parameters
[0.652s] Level 1:colcon.colcon_core.package_discovery:discover_packages(prefix_path) discover
[0.659s] DEBUG:colcon.colcon_installed_package_information.package_discovery:Found 292 installed packages in /opt/ros/jazzy
[0.661s] Level 1:colcon.colcon_core.package_discovery:discover_packages(prefix_path) using defaults
[0.699s] Level 5:colcon.colcon_core.verb:set package 'urg_node2' build argument 'cmake_args' from command line to 'None'
[0.699s] Level 5:colcon.colcon_core.verb:set package 'urg_node2' build argument 'cmake_target' from command line to 'None'
[0.699s] Level 5:colcon.colcon_core.verb:set package 'urg_node2' build argument 'cmake_target_skip_unavailable' from command line to 'False'
[0.699s] Level 5:colcon.colcon_core.verb:set package 'urg_node2' build argument 'cmake_clean_cache' from command line to 'False'
[0.699s] Level 5:colcon.colcon_core.verb:set package 'urg_node2' build argument 'cmake_clean_first' from command line to 'False'
[0.699s] Level 5:colcon.colcon_core.verb:set package 'urg_node2' build argument 'cmake_force_configure' from command line to 'False'
[0.700s] Level 5:colcon.colcon_core.verb:set package 'urg_node2' build argument 'ament_cmake_args' from command line to 'None'
[0.700s] Level 5:colcon.colcon_core.verb:set package 'urg_node2' build argument 'catkin_cmake_args' from command line to 'None'
[0.700s] Level 5:colcon.colcon_core.verb:set package 'urg_node2' build argument 'catkin_skip_building_tests' from command line to 'False'
[0.700s] DEBUG:colcon.colcon_core.verb:Building package 'urg_node2' with the following arguments: {'ament_cmake_args': None, 'build_base': '/home/ponqoo/rodep/urg_node2/build/urg_node2', 'catkin_cmake_args': None, 'catkin_skip_building_tests': False, 'cmake_args': None, 'cmake_clean_cache': False, 'cmake_clean_first': False, 'cmake_force_configure': False, 'cmake_target': None, 'cmake_target_skip_unavailable': False, 'install_base': '/home/ponqoo/rodep/urg_node2/install/urg_node2', 'merge_install': False, 'path': '/home/ponqoo/rodep/urg_node2', 'symlink_install': False, 'test_result_base': None}
[0.700s] INFO:colcon.colcon_core.executor:Executing jobs using 'parallel' executor
[0.701s] DEBUG:colcon.colcon_parallel_executor.executor.parallel:run_until_complete
[0.702s] INFO:colcon.colcon_ros.task.ament_cmake.build:Building ROS package in '/home/ponqoo/rodep/urg_node2' with build type 'ament_cmake'
[0.702s] INFO:colcon.colcon_cmake.task.cmake.build:Building CMake package in '/home/ponqoo/rodep/urg_node2'
[0.711s] INFO:colcon.colcon_core.plugin_system:Skipping extension 'colcon_core.shell.bat': Not used on non-Windows systems
[0.711s] INFO:colcon.colcon_core.shell:Skip shell extension 'powershell' for command environment: Not usable outside of PowerShell
[0.711s] DEBUG:colcon.colcon_core.shell:Skip shell extension 'dsv' for command environment
[0.722s] DEBUG:colcon.colcon_core.event_handler.log_command:Invoking command in '/home/ponqoo/rodep/urg_node2/build/urg_node2': CMAKE_PREFIX_PATH=${CMAKE_PREFIX_PATH}:/opt/ros/jazzy /usr/bin/cmake --build /home/ponqoo/rodep/urg_node2/build/urg_node2 -- -j14 -l14
[8.871s] DEBUG:colcon.colcon_core.event_handler.log_command:Invoked command in '/home/ponqoo/rodep/urg_node2/build/urg_node2' returned '0': CMAKE_PREFIX_PATH=${CMAKE_PREFIX_PATH}:/opt/ros/jazzy /usr/bin/cmake --build /home/ponqoo/rodep/urg_node2/build/urg_node2 -- -j14 -l14
[8.889s] DEBUG:colcon.colcon_core.event_handler.log_command:Invoking command in '/home/ponqoo/rodep/urg_node2/build/urg_node2': CMAKE_PREFIX_PATH=${CMAKE_PREFIX_PATH}:/opt/ros/jazzy /usr/bin/cmake --install /home/ponqoo/rodep/urg_node2/build/urg_node2
[8.919s] Level 1:colcon.colcon_core.environment:create_environment_scripts_only(urg_node2)
[8.920s] DEBUG:colcon.colcon_core.event_handler.log_command:Invoked command in '/home/ponqoo/rodep/urg_node2/build/urg_node2' returned '0': CMAKE_PREFIX_PATH=${CMAKE_PREFIX_PATH}:/opt/ros/jazzy /usr/bin/cmake --install /home/ponqoo/rodep/urg_node2/build/urg_node2
[8.929s] Level 1:colcon.colcon_core.environment:checking '/home/ponqoo/rodep/urg_node2/install/urg_node2' for CMake module files
[8.931s] Level 1:colcon.colcon_core.environment:checking '/home/ponqoo/rodep/urg_node2/install/urg_node2' for CMake config files
[8.936s] Level 1:colcon.colcon_core.shell:create_environment_hook('urg_node2', 'cmake_prefix_path')
[8.937s] INFO:colcon.colcon_core.shell:Creating environment hook '/home/ponqoo/rodep/urg_node2/install/urg_node2/share/urg_node2/hook/cmake_prefix_path.ps1'
[8.939s] INFO:colcon.colcon_core.shell:Creating environment descriptor '/home/ponqoo/rodep/urg_node2/install/urg_node2/share/urg_node2/hook/cmake_prefix_path.dsv'
[8.940s] INFO:colcon.colcon_core.shell:Creating environment hook '/home/ponqoo/rodep/urg_node2/install/urg_node2/share/urg_node2/hook/cmake_prefix_path.sh'
[8.941s] Level 1:colcon.colcon_core.environment:checking '/home/ponqoo/rodep/urg_node2/install/urg_node2/lib'
[8.942s] Level 1:colcon.colcon_core.shell:create_environment_hook('urg_node2', 'ld_library_path_lib')
[8.943s] INFO:colcon.colcon_core.shell:Creating environment hook '/home/ponqoo/rodep/urg_node2/install/urg_node2/share/urg_node2/hook/ld_library_path_lib.ps1'
[8.943s] INFO:colcon.colcon_core.shell:Creating environment descriptor '/home/ponqoo/rodep/urg_node2/install/urg_node2/share/urg_node2/hook/ld_library_path_lib.dsv'
[8.943s] INFO:colcon.colcon_core.shell:Creating environment hook '/home/ponqoo/rodep/urg_node2/install/urg_node2/share/urg_node2/hook/ld_library_path_lib.sh'
[8.944s] Level 1:colcon.colcon_core.environment:checking '/home/ponqoo/rodep/urg_node2/install/urg_node2/bin'
[8.944s] Level 1:colcon.colcon_core.environment:checking '/home/ponqoo/rodep/urg_node2/install/urg_node2/lib/pkgconfig/urg_node2.pc'
[8.944s] Level 1:colcon.colcon_core.environment:checking '/home/ponqoo/rodep/urg_node2/install/urg_node2/lib/python3.12/site-packages'
[8.944s] Level 1:colcon.colcon_core.environment:checking '/home/ponqoo/rodep/urg_node2/install/urg_node2/bin'
[8.945s] INFO:colcon.colcon_core.shell:Creating package script '/home/ponqoo/rodep/urg_node2/install/urg_node2/share/urg_node2/package.ps1'
[8.946s] INFO:colcon.colcon_core.shell:Creating package descriptor '/home/ponqoo/rodep/urg_node2/install/urg_node2/share/urg_node2/package.dsv'
[8.948s] INFO:colcon.colcon_core.shell:Creating package script '/home/ponqoo/rodep/urg_node2/install/urg_node2/share/urg_node2/package.sh'
[8.949s] INFO:colcon.colcon_core.shell:Creating package script '/home/ponqoo/rodep/urg_node2/install/urg_node2/share/urg_node2/package.bash'
[8.950s] INFO:colcon.colcon_core.shell:Creating package script '/home/ponqoo/rodep/urg_node2/install/urg_node2/share/urg_node2/package.zsh'
[8.951s] Level 1:colcon.colcon_core.environment:create_file_with_runtime_dependencies(/home/ponqoo/rodep/urg_node2/install/urg_node2/share/colcon-core/packages/urg_node2)
[8.952s] Level 1:colcon.colcon_core.environment:create_environment_scripts_only(urg_node2)
[8.952s] Level 1:colcon.colcon_core.environment:checking '/home/ponqoo/rodep/urg_node2/install/urg_node2' for CMake module files
[8.953s] Level 1:colcon.colcon_core.environment:checking '/home/ponqoo/rodep/urg_node2/install/urg_node2' for CMake config files
[8.953s] Level 1:colcon.colcon_core.shell:create_environment_hook('urg_node2', 'cmake_prefix_path')
[8.953s] INFO:colcon.colcon_core.shell:Creating environment hook '/home/ponqoo/rodep/urg_node2/install/urg_node2/share/urg_node2/hook/cmake_prefix_path.ps1'
[8.954s] INFO:colcon.colcon_core.shell:Creating environment descriptor '/home/ponqoo/rodep/urg_node2/install/urg_node2/share/urg_node2/hook/cmake_prefix_path.dsv'
[8.954s] INFO:colcon.colcon_core.shell:Creating environment hook '/home/ponqoo/rodep/urg_node2/install/urg_node2/share/urg_node2/hook/cmake_prefix_path.sh'
[8.955s] Level 1:colcon.colcon_core.environment:checking '/home/ponqoo/rodep/urg_node2/install/urg_node2/lib'
[8.955s] Level 1:colcon.colcon_core.shell:create_environment_hook('urg_node2', 'ld_library_path_lib')
[8.955s] INFO:colcon.colcon_core.shell:Creating environment hook '/home/ponqoo/rodep/urg_node2/install/urg_node2/share/urg_node2/hook/ld_library_path_lib.ps1'
[8.956s] INFO:colcon.colcon_core.shell:Creating environment descriptor '/home/ponqoo/rodep/urg_node2/install/urg_node2/share/urg_node2/hook/ld_library_path_lib.dsv'
[8.956s] INFO:colcon.colcon_core.shell:Creating environment hook '/home/ponqoo/rodep/urg_node2/install/urg_node2/share/urg_node2/hook/ld_library_path_lib.sh'
[8.956s] Level 1:colcon.colcon_core.environment:checking '/home/ponqoo/rodep/urg_node2/install/urg_node2/bin'
[8.956s] Level 1:colcon.colcon_core.environment:checking '/home/ponqoo/rodep/urg_node2/install/urg_node2/lib/pkgconfig/urg_node2.pc'
[8.957s] Level 1:colcon.colcon_core.environment:checking '/home/ponqoo/rodep/urg_node2/install/urg_node2/lib/python3.12/site-packages'
[8.957s] Level 1:colcon.colcon_core.environment:checking '/home/ponqoo/rodep/urg_node2/install/urg_node2/bin'
[8.957s] INFO:colcon.colcon_core.shell:Creating package script '/home/ponqoo/rodep/urg_node2/install/urg_node2/share/urg_node2/package.ps1'
[8.958s] INFO:colcon.colcon_core.shell:Creating package descriptor '/home/ponqoo/rodep/urg_node2/install/urg_node2/share/urg_node2/package.dsv'
[8.959s] INFO:colcon.colcon_core.shell:Creating package script '/home/ponqoo/rodep/urg_node2/install/urg_node2/share/urg_node2/package.sh'
[8.959s] INFO:colcon.colcon_core.shell:Creating package script '/home/ponqoo/rodep/urg_node2/install/urg_node2/share/urg_node2/package.bash'
[8.960s] INFO:colcon.colcon_core.shell:Creating package script '/home/ponqoo/rodep/urg_node2/install/urg_node2/share/urg_node2/package.zsh'
[8.960s] Level 1:colcon.colcon_core.environment:create_file_with_runtime_dependencies(/home/ponqoo/rodep/urg_node2/install/urg_node2/share/colcon-core/packages/urg_node2)
[8.960s] DEBUG:colcon.colcon_parallel_executor.executor.parallel:closing loop
[8.961s] DEBUG:colcon.colcon_parallel_executor.executor.parallel:loop closed
[8.961s] DEBUG:colcon.colcon_parallel_executor.executor.parallel:run_until_complete finished with '0'
[8.961s] DEBUG:colcon.colcon_core.event_reactor:joining thread
[8.978s] INFO:colcon.colcon_core.plugin_system:Skipping extension 'colcon_notification.desktop_notification.terminal_notifier': Not used on non-Darwin systems
[8.978s] INFO:colcon.colcon_core.plugin_system:Skipping extension 'colcon_notification.desktop_notification.win32': Not used on non-Windows systems
[8.978s] INFO:colcon.colcon_notification.desktop_notification:Sending desktop notification using 'notify2'
[8.978s] DEBUG:colcon.colcon_notification.desktop_notification.notify2:Failed to initialize notify2: org.freedesktop.DBus.Error.AccessDenied: Failed to connect to socket /run/user/1000/bus: Operation not permitted
[8.978s] DEBUG:colcon.colcon_core.event_reactor:joined thread
[8.979s] INFO:colcon.colcon_core.shell:Creating prefix script '/home/ponqoo/rodep/urg_node2/install/local_setup.ps1'
[8.980s] INFO:colcon.colcon_core.shell:Creating prefix util module '/home/ponqoo/rodep/urg_node2/install/_local_setup_util_ps1.py'
[8.981s] INFO:colcon.colcon_core.shell:Creating prefix chain script '/home/ponqoo/rodep/urg_node2/install/setup.ps1'
[8.983s] INFO:colcon.colcon_core.shell:Creating prefix script '/home/ponqoo/rodep/urg_node2/install/local_setup.sh'
[8.984s] INFO:colcon.colcon_core.shell:Creating prefix util module '/home/ponqoo/rodep/urg_node2/install/_local_setup_util_sh.py'
[8.985s] INFO:colcon.colcon_core.shell:Creating prefix chain script '/home/ponqoo/rodep/urg_node2/install/setup.sh'
[8.987s] INFO:colcon.colcon_core.shell:Creating prefix script '/home/ponqoo/rodep/urg_node2/install/local_setup.bash'
[8.988s] INFO:colcon.colcon_core.shell:Creating prefix chain script '/home/ponqoo/rodep/urg_node2/install/setup.bash'
[8.989s] INFO:colcon.colcon_core.shell:Creating prefix script '/home/ponqoo/rodep/urg_node2/install/local_setup.zsh'
[8.990s] INFO:colcon.colcon_core.shell:Creating prefix chain script '/home/ponqoo/rodep/urg_node2/install/setup.zsh'
